<?xml version="1.0" encoding="UTF-8"?>
<!-- Generated by org.testng.reporters.JUnitReportReporter -->
<testsuite hostname="abdulraheem" failures="0" tests="6" name="first.MyTestCases" time="13.144" errors="0" timestamp="2023-12-03T21:54:59 EET" skipped="0">
  <testcase classname="first.MyTestCases" name="firstTest" time="2.192"/>
  <system-out/>
  <testcase classname="first.MyTestCases" name="firstTest" time="2.184"/>
  <system-out/>
  <testcase classname="first.MyTestCases" name="firstTest" time="2.184"/>
  <system-out/>
  <testcase classname="first.MyTestCases" name="firstTest" time="2.187"/>
  <system-out/>
  <testcase classname="first.MyTestCases" name="firstTest" time="2.186"/>
  <system-out/>
  <testcase classname="first.MyTestCases" name="firstTest" time="2.211"/>
  <system-out/>
</testsuite> <!-- first.MyTestCases -->
